-------------------------------------------------------------------------------
Test set: e2e.sprint_6.RF08_1TC_021Test
-------------------------------------------------------------------------------
Tests run: 1, Failures: 0, Errors: 1, Skipped: 0, Time elapsed: 18.54 s <<< FAILURE! -- in e2e.sprint_6.RF08_1TC_021Test
e2e.sprint_6.RF08_1TC_021Test.RF081_TC021_Validar_Limite_Maximo_5MB_Al_Cargar_Documento -- Time elapsed: 18.53 s <<< ERROR!
org.openqa.selenium.NoSuchElementException: 
No se pudo seleccionar Estado = Iniciada en el filtro.
For documentation on this error, please visit: https://www.selenium.dev/documentation/webdriver/troubleshooting/errors#no-such-element-exception
Build info: version: '4.23.0', revision: '4df0a231af'
System info: os.name: 'Windows 11', os.arch: 'amd64', os.version: '10.0', java.version: '21.0.9'
Driver info: driver.version: unknown
	at e2e.sprint_6.RF08_1TC_021Test.filtrarEstadoIniciadaYBuscar(RF08_1TC_021Test.java:136)
	at e2e.sprint_6.RF08_1TC_021Test.RF081_TC021_Validar_Limite_Maximo_5MB_Al_Cargar_Documento(RF08_1TC_021Test.java:290)
	at java.base/java.lang.reflect.Method.invoke(Method.java:580)
	at java.base/java.util.ArrayList.forEach(ArrayList.java:1596)
	at java.base/java.util.ArrayList.forEach(ArrayList.java:1596)

