-------------------------------------------------------------------------------
Test set: e2e.sprint_6.RF08_5TC_119Test
-------------------------------------------------------------------------------
Tests run: 1, Failures: 1, Errors: 0, Skipped: 0, Time elapsed: 78.65 s <<< FAILURE! -- in e2e.sprint_6.RF08_5TC_119Test
e2e.sprint_6.RF08_5TC_119Test.RF085_TC119_Validar_Eventos_Trazabilidad_Correspondan_Solicitud_Seleccionada -- Time elapsed: 78.60 s <<< FAILURE!
java.lang.AssertionError: 
❌ Se mostró error visible en UI: SISTEMA DE PERMISOS DE IMPORTACION
Inicio
Ver
ADMINISTRACIÓN
Catalogos
Listar usuarios de aplicación
INSPECCIÓN
Asignación de Inspector
Revisión Documental
Autorizaciones
Consulta parametrizada solicitudes
Dashboard
Consulta Parametrizada de Solicitudes
Módulo: Inspecciones / Consulta Parametrizada
Filtros de Búsqueda
Fecha desde
Fecha hasta
Puesto Cuarentenario
Seleccione
Aeropuerto Goloson
Aeropuerto Internacional Palmerola
Aeropuerto Juan Manuel Gálvez
Aeropuerto Ramón Villeda Morales
Aeropuerto Toncontín
Agua Caliente
Amatillo
Corinto
El Florido
El Guasaule
El Poy
La Fraternidad
Las Manos
Puerto Castilla
Puerto Cortés
Puerto Henecan
Estado de Solicitud
Seleccione
Enviada
Iniciada
Liberada
Recepcionada
Rechazada
Subsanable
Inspector
Importador
RTN Delegado
RTN Consignatario
ConsultarLimpiar
Resultados de la Consulta
FECHA ASIGNACIÓN N° DE SOLICITUD ESTADO DELEGADO (RTN - NOMBRE) CONSIGNATARIO (RTN - NOMBRE) PUESTO CUARENTENARIO ACCIONES
01/29/2026 PCO-EXP-2026-01-00022 Recepcionada 0512199300511 - Tracy Romero 05019001049230 - CARGILL DE HONDURAS, S. DE R.L. Puerto Cortés
Ver SolicitudVer InspecciónVer ActaTrazabilidad
01/29/2026 XPL-IMP-2026-01-00021 Recepcionada 0512199300511 - Tracy Romero 05019001049230 - CARGILL DE HONDURAS, S. DE R.L. Aeropuerto Internacional Palmerola
Ver SolicitudVer InspecciónVer ActaTrazabilidad
01/28/2026 GLS-EXP-2026-01-00020 Enviada 0512199300511 - Tracy Romero 05019001049230 - CARGILL DE HONDURAS, S. DE R.L. Aeropuerto Goloson
Ver SolicitudVer InspecciónVer ActaTrazabilidad
01/27/2026 GLS-EXP-2026-01-00023 Enviada 0512199300511 - Tracy Romero 05019001049230 - CARGILL DE HONDURAS, S. DE R.L. Aeropuerto Goloson
Ver SolicitudVer InspecciónVer ActaTrazabilidad
01/26/2026 AMT-IMP-2026-01-00019 Subsanable 0512199300511 - Tracy Romero 05019001049230 - CARGILL DE HONDURAS, S. DE R.L. Amatillo
Ver SolicitudVer InspecciónVer ActaTrazabilidad
01/26/2026 PCO-IMP-2026-01-00024 Enviada 0512199300511 - Tracy Romero 05019001049230 - CARGILL DE HONDURAS, S. DE R.L. Puerto Cortés
Ver SolicitudVer InspecciónVer ActaTrazabilidad
01/26/2026 PCO-IMP-2026-01-00018 Subsanable 0512199300511 - Tracy Romero 05019001049230 - CARGILL DE HONDURAS, S. DE R.L. Puerto Cortés
Ver SolicitudVer InspecciónVer ActaTrazabilidad
‹
Previous
1
2
3
4
5
›
Next
2020 SENASA Servicio Nacional de Sanidad e Inocuidad Agroalimentaria.
Trazabilidad de Solicitud
×
Número de Solicitud: PCO-EXP-2026-01-00022
Estado Actual: Recepcionada
Recepción
29/01/2026 - 03:28 AM
RECEPCIÓN
Usuario: Jefe Inspectores
Usuario: Jefe Inspectores
Recepción
29/01/2026 - 03:28 AM
RECEPCIÓN
Usuario: Jefe Inspectores
Usuario: Jefe Inspectores
Registro
29/01/2026 - 03:26 AM
REGISTRO DE SOLICITUD (Tipo de Evento: 1)
Usuario: CARGILL DE HONDURAS, S. DE R.L. (Importador/Solicitante - CLIENTE)
Usuario: CARGILL DE HONDURAS, S. DE R.L. (Importador/Solicitante)
Cerrar
	at e2e.sprint_6.RF08_5TC_119Test.failSiHayErrorVisible(RF08_5TC_119Test.java:103)
	at e2e.sprint_6.RF08_5TC_119Test.validarEventosCorrespondanASolicitud(RF08_5TC_119Test.java:362)
	at e2e.sprint_6.RF08_5TC_119Test.RF085_TC119_Validar_Eventos_Trazabilidad_Correspondan_Solicitud_Seleccionada(RF08_5TC_119Test.java:576)
	at java.base/java.lang.reflect.Method.invoke(Method.java:580)
	at java.base/java.util.ArrayList.forEach(ArrayList.java:1596)
	at java.base/java.util.ArrayList.forEach(ArrayList.java:1596)

