<?xml version="1.0" encoding="UTF-8"?>
<testsuite xmlns:xsi="http://www.w3.org/2001/XMLSchema-instance" xsi:noNamespaceSchemaLocation="https://maven.apache.org/surefire/maven-surefire-plugin/xsd/surefire-test-report-3.0.xsd" version="3.0" name="e2e.sprint_6.RF08_5TC_119Test" time="83.834" tests="1" errors="1" skipped="0" failures="0">
  <properties>
[...]
</properties>
  <testcase name="RF085_TC119_Validar_Eventos_Trazabilidad_Correspondan_Solicitud_Seleccionada" classname="e2e.sprint_6.RF08_5TC_119Test" time="83.795">
    <error message="Expected condition failed: waiting for presence of element located by: By.xpath: //*[self::a or self::button][ contains(translate(normalize-space(.),&apos;TRAZABILIDAD&apos;,&apos;trazabilidad&apos;),&apos;trazabilidad&apos;) or contains(translate(normalize-space(.),&apos;BITÁCORA&apos;,&apos;bitácora&apos;),&apos;bitácora&apos;) or contains(translate(normalize-space(.),&apos;BITACORA&apos;,&apos;bitacora&apos;),&apos;bitacora&apos;) or contains(translate(normalize-space(.),&apos;HISTORIAL&apos;,&apos;historial&apos;),&apos;historial&apos;) or contains(@href,&apos;trazabilidad&apos;) or contains(@href,&apos;bitacora&apos;) or contains(@href,&apos;historial&apos;)] (tried for 60 second(s) with 500 milliseconds interval)" type="org.openqa.selenium.TimeoutException"><![CDATA[org.openqa.selenium.TimeoutException: Expected condition failed: waiting for presence of element located by: By.xpath: //*[self::a or self::button][ contains(translate(normalize-space(.),'TRAZABILIDAD','trazabilidad'),'trazabilidad') or contains(translate(normalize-space(.),'BITÁCORA','bitácora'),'bitácora') or contains(translate(normalize-space(.),'BITACORA','bitacora'),'bitacora') or contains(translate(normalize-space(.),'HISTORIAL','historial'),'historial') or contains(@href,'trazabilidad') or contains(@href,'bitacora') or contains(@href,'historial')] (tried for 60 second(s) with 500 milliseconds interval)
	at org.openqa.selenium.support.ui.WebDriverWait.timeoutException(WebDriverWait.java:84)
	at org.openqa.selenium.support.ui.FluentWait.until(FluentWait.java:228)
	at e2e.sprint_6.RF08_5TC_119Test.abrirTrazabilidadDePrimeraFila(RF08_5TC_119Test.java:297)
	at e2e.sprint_6.RF08_5TC_119Test.RF085_TC119_Validar_Eventos_Trazabilidad_Correspondan_Solicitud_Seleccionada(RF08_5TC_119Test.java:574)
	at java.base/java.lang.reflect.Method.invoke(Method.java:580)
	at java.base/java.util.ArrayList.forEach(ArrayList.java:1596)
	at java.base/java.util.ArrayList.forEach(ArrayList.java:1596)
Caused by: org.openqa.selenium.NoSuchElementException: no such element: Unable to locate element: {"method":"xpath","selector":"//*[self::a or self::button][ contains(translate(normalize-space(.),'TRAZABILIDAD','trazabilidad'),'trazabilidad') or contains(translate(normalize-space(.),'BITÁCORA','bitácora'),'bitácora') or contains(translate(normalize-space(.),'BITACORA','bitacora'),'bitacora') or contains(translate(normalize-space(.),'HISTORIAL','historial'),'historial') or contains(@href,'trazabilidad') or contains(@href,'bitacora') or contains(@href,'historial')]"}
  (Session info: chrome=144.0.7559.97)
For documentation on this error, please visit: https://www.selenium.dev/documentation/webdriver/troubleshooting/errors#no-such-element-exception
Build info: version: '4.23.0', revision: '4df0a231af'
System info: os.name: 'Windows 11', os.arch: 'amd64', os.version: '10.0', java.version: '21.0.9'
Driver info: org.openqa.selenium.chrome.ChromeDriver
Command: [333e1ba96c4b39569b694183b05d6824, findElement {value=//*[self::a or self::button][ contains(translate(normalize-space(.),'TRAZABILIDAD','trazabilidad'),'trazabilidad') or contains(translate(normalize-space(.),'BITÁCORA','bitácora'),'bitácora') or contains(translate(normalize-space(.),'BITACORA','bitacora'),'bitacora') or contains(translate(normalize-space(.),'HISTORIAL','historial'),'historial') or contains(@href,'trazabilidad') or contains(@href,'bitacora') or contains(@href,'historial')], using=xpath}]
Capabilities {acceptInsecureCerts: true, browserName: chrome, browserVersion: 144.0.7559.97, chrome: {chromedriverVersion: 144.0.7559.109 (6a8d5e49388..., userDataDir: C:\Users\kevin\AppData\Loca...}, fedcm:accounts: true, goog:chromeOptions: {debuggerAddress: localhost:52470}, goog:processID: 16368, networkConnectionEnabled: false, pageLoadStrategy: normal, platformName: windows, proxy: Proxy(), se:cdp: ws://localhost:52470/devtoo..., se:cdpVersion: 144.0.7559.97, setWindowRect: true, strictFileInteractability: false, timeouts: {implicit: 0, pageLoad: 300000, script: 30000}, unhandledPromptBehavior: dismiss and notify, webauthn:extension:credBlob: true, webauthn:extension:largeBlob: true, webauthn:extension:minPinLength: true, webauthn:extension:prf: true, webauthn:virtualAuthenticators: true}
Session ID: 333e1ba96c4b39569b694183b05d6824
	at java.base/jdk.internal.reflect.DirectConstructorHandleAccessor.newInstance(DirectConstructorHandleAccessor.java:62)
	at java.base/java.lang.reflect.Constructor.newInstanceWithCaller(Constructor.java:502)
	at java.base/java.lang.reflect.Constructor.newInstance(Constructor.java:486)
	at org.openqa.selenium.remote.ErrorCodec.decode(ErrorCodec.java:167)
	at org.openqa.selenium.remote.codec.w3c.W3CHttpResponseCodec.decode(W3CHttpResponseCodec.java:138)
	at org.openqa.selenium.remote.codec.w3c.W3CHttpResponseCodec.decode(W3CHttpResponseCodec.java:50)
	at org.openqa.selenium.remote.HttpCommandExecutor.execute(HttpCommandExecutor.java:190)
	at org.openqa.selenium.remote.service.DriverCommandExecutor.invokeExecute(DriverCommandExecutor.java:216)
	at org.openqa.selenium.remote.service.DriverCommandExecutor.execute(DriverCommandExecutor.java:174)
	at org.openqa.selenium.remote.RemoteWebDriver.execute(RemoteWebDriver.java:527)
	at org.openqa.selenium.remote.ElementLocation$ElementFinder$2.findElement(ElementLocation.java:165)
	at org.openqa.selenium.remote.ElementLocation.findElement(ElementLocation.java:59)
	at org.openqa.selenium.remote.RemoteWebDriver.findElement(RemoteWebDriver.java:357)
	at org.openqa.selenium.remote.RemoteWebDriver.findElement(RemoteWebDriver.java:351)
	at org.openqa.selenium.support.ui.ExpectedConditions$6.apply(ExpectedConditions.java:171)
	at org.openqa.selenium.support.ui.ExpectedConditions$6.apply(ExpectedConditions.java:168)
	at org.openqa.selenium.support.ui.FluentWait.until(FluentWait.java:203)
	... 5 more
]]></error>
    <system-out><![CDATA[➡️ Abrir login
➡️ Ingresar credenciales
📸 Screenshot: ./target/S6_RF085_TC119_01_login_ok.png
➡️ Ir a Solicitudes desde menú (o URL directa)
➡️ Fallback URL directa Solicitudes
📸 Screenshot: ./target/S6_RF085_TC119_02_solicitudes_cargado.png
➡️ ID seleccionado (primera fila): 29/01/2026
📸 Screenshot: ./target/S6_RF085_TC119_03_id_solicitud_29_01_2026.png
📸 Screenshot: ./target/S6_RF085_TC119_04A_click_detalle.png
📸 Screenshot: ./target/S6_RF085_TC119_ERROR.png
]]></system-out>
    <system-err><![CDATA[[main] INFO io.github.bonigarcia.wdm.WebDriverManager - Using chromedriver 144.0.7559.109 (resolved driver for Chrome 144)
[main] INFO io.github.bonigarcia.wdm.WebDriverManager - Exporting webdriver.chrome.driver as C:\Users\kevin\.cache\selenium\chromedriver\win64\144.0.7559.109\chromedriver.exe
ene 29, 2026 12:25:03 P. M. org.openqa.selenium.devtools.CdpVersionFinder findNearestMatch
WARNING: Unable to find CDP implementation matching 144
ene 29, 2026 12:25:03 P. M. org.openqa.selenium.chromium.ChromiumDriver lambda$new$5
WARNING: Unable to find version of CDP to use for 144.0.7559.97. You may need to include a dependency on a specific version of the CDP using something similar to `org.seleniumhq.selenium:selenium-devtools-v86:4.23.0` where the version ("v86") matches the version of the chromium-based browser you're using and the version number of the artifact is the same as Selenium's.
]]></system-err>
  </testcase>
</testsuite>