<?xml version="1.0" encoding="UTF-8"?>
<testsuite xmlns:xsi="http://www.w3.org/2001/XMLSchema-instance" xsi:noNamespaceSchemaLocation="https://maven.apache.org/surefire/maven-surefire-plugin/xsd/surefire-test-report-3.0.xsd" version="3.0" name="e2e.sprint_6.RF08_5TC_119Test" time="78.646" tests="1" errors="0" skipped="0" failures="1">
  <properties>
[...]
</properties>
  <testcase name="RF085_TC119_Validar_Eventos_Trazabilidad_Correspondan_Solicitud_Seleccionada" classname="e2e.sprint_6.RF08_5TC_119Test" time="78.599">
    <failure message="❌ Se mostró error visible en UI: SISTEMA DE PERMISOS DE IMPORTACION&#10;Inicio&#10;Ver&#10;ADMINISTRACIÓN&#10;Catalogos&#10;Listar usuarios de aplicación&#10;INSPECCIÓN&#10;Asignación de Inspector&#10;Revisión Documental&#10;Autorizaciones&#10;Consulta parametrizada solicitudes&#10;Dashboard&#10;Consulta Parametrizada de Solicitudes&#10;Módulo: Inspecciones / Consulta Parametrizada&#10;Filtros de Búsqueda&#10;Fecha desde&#10;Fecha hasta&#10;Puesto Cuarentenario&#10;Seleccione&#10;Aeropuerto Goloson&#10;Aeropuerto Internacional Palmerola&#10;Aeropuerto Juan Manuel Gálvez&#10;Aeropuerto Ramón Villeda Morales&#10;Aeropuerto Toncontín&#10;Agua Caliente&#10;Amatillo&#10;Corinto&#10;El Florido&#10;El Guasaule&#10;El Poy&#10;La Fraternidad&#10;Las Manos&#10;Puerto Castilla&#10;Puerto Cortés&#10;Puerto Henecan&#10;Estado de Solicitud&#10;Seleccione&#10;Enviada&#10;Iniciada&#10;Liberada&#10;Recepcionada&#10;Rechazada&#10;Subsanable&#10;Inspector&#10;Importador&#10;RTN Delegado&#10;RTN Consignatario&#10;ConsultarLimpiar&#10;Resultados de la Consulta&#10;FECHA ASIGNACIÓN N° DE SOLICITUD ESTADO DELEGADO (RTN - NOMBRE) CONSIGNATARIO (RTN - NOMBRE) PUESTO CUARENTENARIO ACCIONES&#10;01/29/2026 PCO-EXP-2026-01-00022 Recepcionada 0512199300511 - Tracy Romero 05019001049230 - CARGILL DE HONDURAS, S. DE R.L. Puerto Cortés&#10;Ver SolicitudVer InspecciónVer ActaTrazabilidad&#10;01/29/2026 XPL-IMP-2026-01-00021 Recepcionada 0512199300511 - Tracy Romero 05019001049230 - CARGILL DE HONDURAS, S. DE R.L. Aeropuerto Internacional Palmerola&#10;Ver SolicitudVer InspecciónVer ActaTrazabilidad&#10;01/28/2026 GLS-EXP-2026-01-00020 Enviada 0512199300511 - Tracy Romero 05019001049230 - CARGILL DE HONDURAS, S. DE R.L. Aeropuerto Goloson&#10;Ver SolicitudVer InspecciónVer ActaTrazabilidad&#10;01/27/2026 GLS-EXP-2026-01-00023 Enviada 0512199300511 - Tracy Romero 05019001049230 - CARGILL DE HONDURAS, S. DE R.L. Aeropuerto Goloson&#10;Ver SolicitudVer InspecciónVer ActaTrazabilidad&#10;01/26/2026 AMT-IMP-2026-01-00019 Subsanable 0512199300511 - Tracy Romero 05019001049230 - CARGILL DE HONDURAS, S. DE R.L. Amatillo&#10;Ver SolicitudVer InspecciónVer ActaTrazabilidad&#10;01/26/2026 PCO-IMP-2026-01-00024 Enviada 0512199300511 - Tracy Romero 05019001049230 - CARGILL DE HONDURAS, S. DE R.L. Puerto Cortés&#10;Ver SolicitudVer InspecciónVer ActaTrazabilidad&#10;01/26/2026 PCO-IMP-2026-01-00018 Subsanable 0512199300511 - Tracy Romero 05019001049230 - CARGILL DE HONDURAS, S. DE R.L. Puerto Cortés&#10;Ver SolicitudVer InspecciónVer ActaTrazabilidad&#10;‹&#10;Previous&#10;1&#10;2&#10;3&#10;4&#10;5&#10;›&#10;Next&#10;2020 SENASA Servicio Nacional de Sanidad e Inocuidad Agroalimentaria.&#10;Trazabilidad de Solicitud&#10;×&#10;Número de Solicitud: PCO-EXP-2026-01-00022&#10;Estado Actual: Recepcionada&#10;Recepción&#10;29/01/2026 - 03:28 AM&#10;RECEPCIÓN&#10;Usuario: Jefe Inspectores&#10;Usuario: Jefe Inspectores&#10;Recepción&#10;29/01/2026 - 03:28 AM&#10;RECEPCIÓN&#10;Usuario: Jefe Inspectores&#10;Usuario: Jefe Inspectores&#10;Registro&#10;29/01/2026 - 03:26 AM&#10;REGISTRO DE SOLICITUD (Tipo de Evento: 1)&#10;Usuario: CARGILL DE HONDURAS, S. DE R.L. (Importador/Solicitante - CLIENTE)&#10;Usuario: CARGILL DE HONDURAS, S. DE R.L. (Importador/Solicitante)&#10;Cerrar" type="java.lang.AssertionError"><![CDATA[java.lang.AssertionError: 
❌ Se mostró error visible en UI: SISTEMA DE PERMISOS DE IMPORTACION
Inicio
Ver
ADMINISTRACIÓN
Catalogos
Listar usuarios de aplicación
INSPECCIÓN
Asignación de Inspector
Revisión Documental
Autorizaciones
Consulta parametrizada solicitudes
Dashboard
Consulta Parametrizada de Solicitudes
Módulo: Inspecciones / Consulta Parametrizada
Filtros de Búsqueda
Fecha desde
Fecha hasta
Puesto Cuarentenario
Seleccione
Aeropuerto Goloson
Aeropuerto Internacional Palmerola
Aeropuerto Juan Manuel Gálvez
Aeropuerto Ramón Villeda Morales
Aeropuerto Toncontín
Agua Caliente
Amatillo
Corinto
El Florido
El Guasaule
El Poy
La Fraternidad
Las Manos
Puerto Castilla
Puerto Cortés
Puerto Henecan
Estado de Solicitud
Seleccione
Enviada
Iniciada
Liberada
Recepcionada
Rechazada
Subsanable
Inspector
Importador
RTN Delegado
RTN Consignatario
ConsultarLimpiar
Resultados de la Consulta
FECHA ASIGNACIÓN N° DE SOLICITUD ESTADO DELEGADO (RTN - NOMBRE) CONSIGNATARIO (RTN - NOMBRE) PUESTO CUARENTENARIO ACCIONES
01/29/2026 PCO-EXP-2026-01-00022 Recepcionada 0512199300511 - Tracy Romero 05019001049230 - CARGILL DE HONDURAS, S. DE R.L. Puerto Cortés
Ver SolicitudVer InspecciónVer ActaTrazabilidad
01/29/2026 XPL-IMP-2026-01-00021 Recepcionada 0512199300511 - Tracy Romero 05019001049230 - CARGILL DE HONDURAS, S. DE R.L. Aeropuerto Internacional Palmerola
Ver SolicitudVer InspecciónVer ActaTrazabilidad
01/28/2026 GLS-EXP-2026-01-00020 Enviada 0512199300511 - Tracy Romero 05019001049230 - CARGILL DE HONDURAS, S. DE R.L. Aeropuerto Goloson
Ver SolicitudVer InspecciónVer ActaTrazabilidad
01/27/2026 GLS-EXP-2026-01-00023 Enviada 0512199300511 - Tracy Romero 05019001049230 - CARGILL DE HONDURAS, S. DE R.L. Aeropuerto Goloson
Ver SolicitudVer InspecciónVer ActaTrazabilidad
01/26/2026 AMT-IMP-2026-01-00019 Subsanable 0512199300511 - Tracy Romero 05019001049230 - CARGILL DE HONDURAS, S. DE R.L. Amatillo
Ver SolicitudVer InspecciónVer ActaTrazabilidad
01/26/2026 PCO-IMP-2026-01-00024 Enviada 0512199300511 - Tracy Romero 05019001049230 - CARGILL DE HONDURAS, S. DE R.L. Puerto Cortés
Ver SolicitudVer InspecciónVer ActaTrazabilidad
01/26/2026 PCO-IMP-2026-01-00018 Subsanable 0512199300511 - Tracy Romero 05019001049230 - CARGILL DE HONDURAS, S. DE R.L. Puerto Cortés
Ver SolicitudVer InspecciónVer ActaTrazabilidad
‹
Previous
1
2
3
4
5
›
Next
2020 SENASA Servicio Nacional de Sanidad e Inocuidad Agroalimentaria.
Trazabilidad de Solicitud
×
Número de Solicitud: PCO-EXP-2026-01-00022
Estado Actual: Recepcionada
Recepción
29/01/2026 - 03:28 AM
RECEPCIÓN
Usuario: Jefe Inspectores
Usuario: Jefe Inspectores
Recepción
29/01/2026 - 03:28 AM
RECEPCIÓN
Usuario: Jefe Inspectores
Usuario: Jefe Inspectores
Registro
29/01/2026 - 03:26 AM
REGISTRO DE SOLICITUD (Tipo de Evento: 1)
Usuario: CARGILL DE HONDURAS, S. DE R.L. (Importador/Solicitante - CLIENTE)
Usuario: CARGILL DE HONDURAS, S. DE R.L. (Importador/Solicitante)
Cerrar
	at e2e.sprint_6.RF08_5TC_119Test.failSiHayErrorVisible(RF08_5TC_119Test.java:103)
	at e2e.sprint_6.RF08_5TC_119Test.validarEventosCorrespondanASolicitud(RF08_5TC_119Test.java:362)
	at e2e.sprint_6.RF08_5TC_119Test.RF085_TC119_Validar_Eventos_Trazabilidad_Correspondan_Solicitud_Seleccionada(RF08_5TC_119Test.java:576)
	at java.base/java.lang.reflect.Method.invoke(Method.java:580)
	at java.base/java.util.ArrayList.forEach(ArrayList.java:1596)
	at java.base/java.util.ArrayList.forEach(ArrayList.java:1596)
]]></failure>
    <system-out><![CDATA[➡️ Abrir login
➡️ Ingresar credenciales
📸 Screenshot: ./target/S6_RF085_TC119_01_login_ok.png
➡️ Ir a Solicitudes desde menú (o URL directa)
➡️ Fallback URL directa Solicitudes
📸 Screenshot: ./target/S6_RF085_TC119_02_solicitudes_cargado.png
➡️ ID seleccionado (primera fila): 29/01/2026
📸 Screenshot: ./target/S6_RF085_TC119_03_id_solicitud_29_01_2026.png
📸 Screenshot: ./target/S6_RF085_TC119_04A_click_detalle.png
📸 Screenshot: ./target/S6_RF085_TC119_05_click_trazabilidad_detalle.png
📸 Screenshot: ./target/S6_RF085_TC119_06_trazabilidad_abierta.png
📸 Screenshot: ./target/S6_RF085_TC119_06A_ERROR_VISIBLE.png
]]></system-out>
    <system-err><![CDATA[[main] INFO io.github.bonigarcia.wdm.WebDriverManager - Using chromedriver 144.0.7559.133 (resolved driver for Chrome 144)
[main] INFO io.github.bonigarcia.wdm.WebDriverManager - Exporting webdriver.chrome.driver as C:\Users\kevin\.cache\selenium\chromedriver\win64\144.0.7559.133\chromedriver.exe
feb 03, 2026 6:43:33 P. M. org.openqa.selenium.devtools.CdpVersionFinder findNearestMatch
WARNING: Unable to find CDP implementation matching 144
feb 03, 2026 6:43:33 P. M. org.openqa.selenium.chromium.ChromiumDriver lambda$new$5
WARNING: Unable to find version of CDP to use for 144.0.7559.110. You may need to include a dependency on a specific version of the CDP using something similar to `org.seleniumhq.selenium:selenium-devtools-v86:4.23.0` where the version ("v86") matches the version of the chromium-based browser you're using and the version number of the artifact is the same as Selenium's.
]]></system-err>
  </testcase>
</testsuite>