<?xml version="1.0" encoding="UTF-8"?>
<testsuite xmlns:xsi="http://www.w3.org/2001/XMLSchema-instance" xsi:noNamespaceSchemaLocation="https://maven.apache.org/surefire/maven-surefire-plugin/xsd/surefire-test-report-3.0.xsd" version="3.0" name="e2e.sprint_6.RF08_6TC_132Test" time="16.833" tests="1" errors="0" skipped="0" failures="0">
  <properties>
[...]
</properties>
  <testcase name="RF086_TC132_Validar_Boton_Ver_Solicitud_Muestre_Resumen_En_Modal" classname="e2e.sprint_6.RF08_6TC_132Test" time="16.782">
    <system-out><![CDATA[📸 Screenshot: ./target/S6_RF086_TC132_01_login_ok.png
📸 Screenshot: ./target/S6_RF086_TC132_02_consulta_parametrizada.png
📸 Screenshot: ./target/S6_RF086_TC132_03_filtros_listos.png
📸 Screenshot: ./target/S6_RF086_TC132_04_click_consultar.png
📸 Screenshot: ./target/S6_RF086_TC132_05_resultados.png
📸 Screenshot: ./target/S6_RF086_TC132_06_click_ver_solicitud.png
📸 Screenshot: ./target/S6_RF086_TC132_OK.png
✅ TC-132 OK (flujo actual): Se encontró y se hizo click en 'Ver Solicitud' (se evidencia con screenshot).
]]></system-out>
    <system-err><![CDATA[[main] INFO io.github.bonigarcia.wdm.WebDriverManager - Using chromedriver 144.0.7559.133 (resolved driver for Chrome 144)
[main] INFO io.github.bonigarcia.wdm.WebDriverManager - Exporting webdriver.chrome.driver as C:\Users\kevin\.cache\selenium\chromedriver\win64\144.0.7559.133\chromedriver.exe
feb 03, 2026 9:56:01 P. M. org.openqa.selenium.devtools.CdpVersionFinder findNearestMatch
WARNING: Unable to find CDP implementation matching 144
feb 03, 2026 9:56:01 P. M. org.openqa.selenium.chromium.ChromiumDriver lambda$new$5
WARNING: Unable to find version of CDP to use for 144.0.7559.110. You may need to include a dependency on a specific version of the CDP using something similar to `org.seleniumhq.selenium:selenium-devtools-v86:4.23.0` where the version ("v86") matches the version of the chromium-based browser you're using and the version number of the artifact is the same as Selenium's.
]]></system-err>
  </testcase>
</testsuite>