<!DOCTYPE html>
<!--
 | Generated by Apache Maven Doxia Site Renderer 1.11.1 from org.apache.maven.plugins:maven-surefire-report-plugin:3.2.5:report at 2026-01-29

 | Rendered using Apache Maven Default Skin
-->
<html xmlns="http://www.w3.org/1999/xhtml" xml:lang="en" lang="en">
  <head>
    <meta charset="UTF-8" />
    <meta name="viewport" content="width=device-width, initial-scale=1.0" />
    <meta name="generator" content="Apache Maven Doxia Site Renderer 1.11.1" />
    <title>selenium &#x2013; Surefire Report</title>
    <link rel="stylesheet" href="./css/maven-base.css" />
    <link rel="stylesheet" href="./css/maven-theme.css" />
    <link rel="stylesheet" href="./css/site.css" />
    <link rel="stylesheet" href="./css/print.css" media="print" />
  </head>
  <body class="composite">
    <div id="banner">
<div id="bannerLeft">selenium
</div>
      <div class="clear">
        <hr/>
      </div>
    </div>
    <div id="breadcrumbs">
      <div class="xleft">
        <span id="publishDate">Last Published: 2026-01-29</span>
           | <span id="projectVersion">Version: 1.0.0</span>
      </div>
      <div class="xright"><a href="${project.url}" title="selenium">selenium</a>      </div>
      <div class="clear">
        <hr/>
      </div>
    </div>
    <div id="leftColumn">
      <div id="navcolumn">
       <h5>Project Documentation</h5>
    <ul>
     <li class="collapsed"><a href="project-info.html" title="Project Information">Project Information</a></li>
     <li class="expanded"><a href="project-reports.html" title="Project Reports">Project Reports</a>
      <ul>
       <li class="none"><strong>Surefire</strong></li>
      </ul></li>
    </ul>
      <a href="http://maven.apache.org/" title="Built by Maven" class="poweredBy">
        <img class="poweredBy" alt="Built by Maven" src="./images/logos/maven-feather.png" />
      </a>
      </div>
    </div>
    <div id="bodyColumn">
      <div id="contentBox">
<script type="text/javascript">
function toggleDisplay(elementId) {
 var elm = document.getElementById(elementId + '-error');
 if (elm == null) {
  elm = document.getElementById(elementId + '-failure');
 }
 if (elm && typeof elm.style != "undefined") {
  if (elm.style.display == "none") {
   elm.style.display = "";
   document.getElementById(elementId + '-off').style.display = "none";
   document.getElementById(elementId + '-on').style.display = "inline";
  } else if (elm.style.display == "") {   elm.style.display = "none";
   document.getElementById(elementId + '-off').style.display = "inline";
   document.getElementById(elementId + '-on').style.display = "none";
  }
 }
 }</script><section>
<h2><a name="Surefire_Report"></a>Surefire Report</h2></section><section><a id="Summary"></a>
<h2><a name="Summary"></a>Summary</h2>
<p>[<a href="#Summary">Summary</a>] [<a href="#Package_List">Package List</a>] [<a href="#Test_Cases">Test Cases</a>]</p><br />
<table border="0" class="bodyTable">
<tr class="a">
<th>Tests</th>
<th>Errors</th>
<th>Failures</th>
<th>Skipped</th>
<th>Success Rate</th>
<th>Time</th></tr>
<tr class="b">
<td align="left">12</td>
<td>5</td>
<td>2</td>
<td>0</td>
<td>41.7%</td>
<td>378.6 s</td></tr></table><br />
<p>Note: failures are anticipated and checked for with assertions while errors are unanticipated.</p><br /></section><section><a id="Package_List"></a>
<h2><a name="Package_List"></a>Package List</h2>
<p>[<a href="#Summary">Summary</a>] [<a href="#Package_List">Package List</a>] [<a href="#Test_Cases">Test Cases</a>]</p><br />
<table border="0" class="bodyTable">
<tr class="a">
<th>Package</th>
<th>Tests</th>
<th>Errors</th>
<th>Failures</th>
<th>Skipped</th>
<th>Success Rate</th>
<th>Time</th></tr>
<tr class="b">
<td align="left"><a href="#e2e.sprint_6">e2e.sprint_6</a></td>
<td>12</td>
<td>5</td>
<td>2</td>
<td>0</td>
<td>41.7%</td>
<td>378.6 s</td></tr></table><br />
<p>Note: package statistics are not computed recursively, they only sum up all of its testsuites numbers.</p><section><a id="e2e.sprint_6"></a>
<h3><a name="e2e.sprint_6"></a>e2e.sprint_6</h3>
<table border="0" class="bodyTable">
<tr class="a">
<th>-</th>
<th>Class</th>
<th>Tests</th>
<th>Errors</th>
<th>Failures</th>
<th>Skipped</th>
<th>Success Rate</th>
<th>Time</th></tr>
<tr class="b">
<td align="left"><a href="#e2e.sprint_6.RF08_1TC_002Test"><img src="images/icon_error_sml.gif" alt="" /></a></td>
<td><a href="#e2e.sprint_6.RF08_1TC_002Test">RF08_1TC_002Test</a></td>
<td>1</td>
<td>1</td>
<td>0</td>
<td>0</td>
<td>0%</td>
<td>20.82 s</td></tr>
<tr class="a">
<td align="left"><a href="#e2e.sprint_6.RF08_1TC_021Test"><img src="images/icon_error_sml.gif" alt="" /></a></td>
<td><a href="#e2e.sprint_6.RF08_1TC_021Test">RF08_1TC_021Test</a></td>
<td>1</td>
<td>1</td>
<td>0</td>
<td>0</td>
<td>0%</td>
<td>18.54 s</td></tr>
<tr class="b">
<td align="left"><a href="#e2e.sprint_6.RF08_2TC_031Test"><img src="images/icon_success_sml.gif" alt="" /></a></td>
<td><a href="#e2e.sprint_6.RF08_2TC_031Test">RF08_2TC_031Test</a></td>
<td>1</td>
<td>0</td>
<td>0</td>
<td>0</td>
<td>100%</td>
<td>14.10 s</td></tr>
<tr class="a">
<td align="left"><a href="#e2e.sprint_6.RF08_2TC_032Test"><img src="images/icon_success_sml.gif" alt="" /></a></td>
<td><a href="#e2e.sprint_6.RF08_2TC_032Test">RF08_2TC_032Test</a></td>
<td>1</td>
<td>0</td>
<td>0</td>
<td>0</td>
<td>100%</td>
<td>25.11 s</td></tr>
<tr class="b">
<td align="left"><a href="#e2e.sprint_6.RF08_3TC_068Test"><img src="images/icon_success_sml.gif" alt="" /></a></td>
<td><a href="#e2e.sprint_6.RF08_3TC_068Test">RF08_3TC_068Test</a></td>
<td>1</td>
<td>0</td>
<td>0</td>
<td>0</td>
<td>100%</td>
<td>21.60 s</td></tr>
<tr class="a">
<td align="left"><a href="#e2e.sprint_6.RF08_3TC_069Test"><img src="images/icon_error_sml.gif" alt="" /></a></td>
<td><a href="#e2e.sprint_6.RF08_3TC_069Test">RF08_3TC_069Test</a></td>
<td>1</td>
<td>1</td>
<td>0</td>
<td>0</td>
<td>0%</td>
<td>126.4 s</td></tr>
<tr class="b">
<td align="left"><a href="#e2e.sprint_6.RF08_3TC_070Test"><img src="images/icon_error_sml.gif" alt="" /></a></td>
<td><a href="#e2e.sprint_6.RF08_3TC_070Test">RF08_3TC_070Test</a></td>
<td>1</td>
<td>1</td>
<td>0</td>
<td>0</td>
<td>0%</td>
<td>43.71 s</td></tr>
<tr class="a">
<td align="left"><a href="#e2e.sprint_6.RF08_4TC_102Test"><img src="images/icon_error_sml.gif" alt="" /></a></td>
<td><a href="#e2e.sprint_6.RF08_4TC_102Test">RF08_4TC_102Test</a></td>
<td>1</td>
<td>1</td>
<td>0</td>
<td>0</td>
<td>0%</td>
<td>38.49 s</td></tr>
<tr class="b">
<td align="left"><a href="#e2e.sprint_6.RF08_5TC_105Test"><img src="images/icon_success_sml.gif" alt="" /></a></td>
<td><a href="#e2e.sprint_6.RF08_5TC_105Test">RF08_5TC_105Test</a></td>
<td>1</td>
<td>0</td>
<td>0</td>
<td>0</td>
<td>100%</td>
<td>14.02 s</td></tr>
<tr class="a">
<td align="left"><a href="#e2e.sprint_6.RF08_5TC_107Test"><img src="images/icon_success_sml.gif" alt="" /></a></td>
<td><a href="#e2e.sprint_6.RF08_5TC_107Test">RF08_5TC_107Test</a></td>
<td>1</td>
<td>0</td>
<td>0</td>
<td>0</td>
<td>100%</td>
<td>21.00 s</td></tr>
<tr class="b">
<td align="left"><a href="#e2e.sprint_6.RF08_5TC_114Test"><img src="images/icon_warning_sml.gif" alt="" /></a></td>
<td><a href="#e2e.sprint_6.RF08_5TC_114Test">RF08_5TC_114Test</a></td>
<td>1</td>
<td>0</td>
<td>1</td>
<td>0</td>
<td>0%</td>
<td>15.49 s</td></tr>
<tr class="a">
<td align="left"><a href="#e2e.sprint_6.RF08_5TC_117Test"><img src="images/icon_warning_sml.gif" alt="" /></a></td>
<td><a href="#e2e.sprint_6.RF08_5TC_117Test">RF08_5TC_117Test</a></td>
<td>1</td>
<td>0</td>
<td>1</td>
<td>0</td>
<td>0%</td>
<td>19.30 s</td></tr></table></section><br /></section><section><a id="Test_Cases"></a>
<h2><a name="Test_Cases"></a>Test Cases</h2>
<p>[<a href="#Summary">Summary</a>] [<a href="#Package_List">Package List</a>] [<a href="#Test_Cases">Test Cases</a>]</p><section><a id="e2e.sprint_6.RF08_1TC_002Test"></a>
<h3><a name="RF08_1TC_002Test"></a>RF08_1TC_002Test</h3>
<table border="0" class="bodyTable">
<tr class="a">
<td align="left"><a href="#e2e.sprint_6.RF08_1TC_002Test.RF081_TC004_FiltrarIniciada_PrimeraFila_Editar_Documentos_Guardar_Siguiente_Enviar"><img src="images/icon_error_sml.gif" alt="" /></a></td>
<td><a id="TC_e2e.sprint_6.RF08_1TC_002Test.RF081_TC004_FiltrarIniciada_PrimeraFila_Editar_Documentos_Guardar_Siguiente_Enviar"></a><a href="#e2e.sprint_6.RF08_1TC_002Test.RF081_TC004_FiltrarIniciada_PrimeraFila_Editar_Documentos_Guardar_Siguiente_Enviar">RF081_TC004_FiltrarIniciada_PrimeraFila_Editar_Documentos_Guardar_Siguiente_Enviar</a>
<div class="detailToggle" style="display:inline"><a href="javascript:toggleDisplay('e2e.sprint_6.RF08_1TC_002Test.RF081_TC004_FiltrarIniciada_PrimeraFila_Editar_Documentos_Guardar_Siguiente_Enviar');"><span style="display:inline;" id="e2e.sprint_6.RF08_1TC_002Test.RF081_TC004_FiltrarIniciada_PrimeraFila_Editar_Documentos_Guardar_Siguiente_Enviar-off"> + </span><span style="display:none;" id="e2e.sprint_6.RF08_1TC_002Test.RF081_TC004_FiltrarIniciada_PrimeraFila_Editar_Documentos_Guardar_Siguiente_Enviar-on"> - </span>[ Detail ]</a></div></td>
<td>20.77 s</td></tr>
<tr class="b">
<td align="left">-</td>
<td>No se pudo seleccionar Estado = Iniciada en el filtro.
For documentation on this error, please visit: https://www.selenium.dev/documentation/webdriver/troubleshooting/errors#no-such-element-exception
Build info: version: '4.23.0', revision: '4df0a231af'
System info: os.name: 'Windows 11', os.arch: 'amd64', os.version: '10.0', java.version: '21.0.9'
Driver info: driver.version: unknown</td>
<td>-</td></tr>
<tr class="a" id="e2e.sprint_6.RF08_1TC_002Test.RF081_TC004_FiltrarIniciada_PrimeraFila_Editar_Documentos_Guardar_Siguiente_Enviar-error" style="display:none;">
<td align="left">-</td>
<td>
<div class="source">
<pre>org.openqa.selenium.NoSuchElementException: 
No se pudo seleccionar Estado = Iniciada en el filtro.
For documentation on this error, please visit: https://www.selenium.dev/documentation/webdriver/troubleshooting/errors#no-such-element-exception
Build info: version: '4.23.0', revision: '4df0a231af'
System info: os.name: 'Windows 11', os.arch: 'amd64', os.version: '10.0', java.version: '21.0.9'
Driver info: driver.version: unknown
	at e2e.sprint_6.RF08_1TC_002Test.filtrarEstadoIniciadaYBuscar(RF08_1TC_002Test.java:139)
	at e2e.sprint_6.RF08_1TC_002Test.RF081_TC004_FiltrarIniciada_PrimeraFila_Editar_Documentos_Guardar_Siguiente_Enviar(RF08_1TC_002Test.java:316)
	at java.base/java.lang.reflect.Method.invoke(Method.java:580)
	at java.base/java.util.ArrayList.forEach(ArrayList.java:1596)
	at java.base/java.util.ArrayList.forEach(ArrayList.java:1596)
</pre></div></td>
<td>-</td></tr></table></section><section><a id="e2e.sprint_6.RF08_1TC_021Test"></a>
<h3><a name="RF08_1TC_021Test"></a>RF08_1TC_021Test</h3>
<table border="0" class="bodyTable">
<tr class="a">
<td align="left"><a href="#e2e.sprint_6.RF08_1TC_021Test.RF081_TC021_Validar_Limite_Maximo_5MB_Al_Cargar_Documento"><img src="images/icon_error_sml.gif" alt="" /></a></td>
<td><a id="TC_e2e.sprint_6.RF08_1TC_021Test.RF081_TC021_Validar_Limite_Maximo_5MB_Al_Cargar_Documento"></a><a href="#e2e.sprint_6.RF08_1TC_021Test.RF081_TC021_Validar_Limite_Maximo_5MB_Al_Cargar_Documento">RF081_TC021_Validar_Limite_Maximo_5MB_Al_Cargar_Documento</a>
<div class="detailToggle" style="display:inline"><a href="javascript:toggleDisplay('e2e.sprint_6.RF08_1TC_021Test.RF081_TC021_Validar_Limite_Maximo_5MB_Al_Cargar_Documento');"><span style="display:inline;" id="e2e.sprint_6.RF08_1TC_021Test.RF081_TC021_Validar_Limite_Maximo_5MB_Al_Cargar_Documento-off"> + </span><span style="display:none;" id="e2e.sprint_6.RF08_1TC_021Test.RF081_TC021_Validar_Limite_Maximo_5MB_Al_Cargar_Documento-on"> - </span>[ Detail ]</a></div></td>
<td>18.53 s</td></tr>
<tr class="b">
<td align="left">-</td>
<td>No se pudo seleccionar Estado = Iniciada en el filtro.
For documentation on this error, please visit: https://www.selenium.dev/documentation/webdriver/troubleshooting/errors#no-such-element-exception
Build info: version: '4.23.0', revision: '4df0a231af'
System info: os.name: 'Windows 11', os.arch: 'amd64', os.version: '10.0', java.version: '21.0.9'
Driver info: driver.version: unknown</td>
<td>-</td></tr>
<tr class="a" id="e2e.sprint_6.RF08_1TC_021Test.RF081_TC021_Validar_Limite_Maximo_5MB_Al_Cargar_Documento-error" style="display:none;">
<td align="left">-</td>
<td>
<div class="source">
<pre>org.openqa.selenium.NoSuchElementException: 
No se pudo seleccionar Estado = Iniciada en el filtro.
For documentation on this error, please visit: https://www.selenium.dev/documentation/webdriver/troubleshooting/errors#no-such-element-exception
Build info: version: '4.23.0', revision: '4df0a231af'
System info: os.name: 'Windows 11', os.arch: 'amd64', os.version: '10.0', java.version: '21.0.9'
Driver info: driver.version: unknown
	at e2e.sprint_6.RF08_1TC_021Test.filtrarEstadoIniciadaYBuscar(RF08_1TC_021Test.java:136)
	at e2e.sprint_6.RF08_1TC_021Test.RF081_TC021_Validar_Limite_Maximo_5MB_Al_Cargar_Documento(RF08_1TC_021Test.java:290)
	at java.base/java.lang.reflect.Method.invoke(Method.java:580)
	at java.base/java.util.ArrayList.forEach(ArrayList.java:1596)
	at java.base/java.util.ArrayList.forEach(ArrayList.java:1596)
</pre></div></td>
<td>-</td></tr></table></section><section><a id="e2e.sprint_6.RF08_2TC_031Test"></a>
<h3><a name="RF08_2TC_031Test"></a>RF08_2TC_031Test</h3>
<table border="0" class="bodyTable">
<tr class="a">
<td align="left"><img src="images/icon_success_sml.gif" alt="" /></td>
<td><a id="TC_e2e.sprint_6.RF08_2TC_031Test.RF082_TC031_Validar_Estado_Inicial_Sin_Asignar"></a>RF082_TC031_Validar_Estado_Inicial_Sin_Asignar</td>
<td>14.10 s</td></tr></table></section><section><a id="e2e.sprint_6.RF08_2TC_032Test"></a>
<h3><a name="RF08_2TC_032Test"></a>RF08_2TC_032Test</h3>
<table border="0" class="bodyTable">
<tr class="a">
<td align="left"><img src="images/icon_success_sml.gif" alt="" /></td>
<td><a id="TC_e2e.sprint_6.RF08_2TC_032Test.RF082_TC032_Filtrar_Enviada_Validar_SinAsignar_Asignar_Seleccionar_Finalizar"></a>RF082_TC032_Filtrar_Enviada_Validar_SinAsignar_Asignar_Seleccionar_Finalizar</td>
<td>25.11 s</td></tr></table></section><section><a id="e2e.sprint_6.RF08_3TC_068Test"></a>
<h3><a name="RF08_3TC_068Test"></a>RF08_3TC_068Test</h3>
<table border="0" class="bodyTable">
<tr class="a">
<td align="left"><img src="images/icon_success_sml.gif" alt="" /></td>
<td><a id="TC_e2e.sprint_6.RF08_3TC_068Test.RF083_TC068_IniciarRevision_CompletarCriterios_Y_DefinirConformidad"></a>RF083_TC068_IniciarRevision_CompletarCriterios_Y_DefinirConformidad</td>
<td>21.59 s</td></tr></table></section><section><a id="e2e.sprint_6.RF08_3TC_069Test"></a>
<h3><a name="RF08_3TC_069Test"></a>RF08_3TC_069Test</h3>
<table border="0" class="bodyTable">
<tr class="a">
<td align="left"><a href="#e2e.sprint_6.RF08_3TC_069Test.RF083_TC069_MarcarNoConforme_Subsanable_DebeCambiarEstadoASubsanable"><img src="images/icon_error_sml.gif" alt="" /></a></td>
<td><a id="TC_e2e.sprint_6.RF08_3TC_069Test.RF083_TC069_MarcarNoConforme_Subsanable_DebeCambiarEstadoASubsanable"></a><a href="#e2e.sprint_6.RF08_3TC_069Test.RF083_TC069_MarcarNoConforme_Subsanable_DebeCambiarEstadoASubsanable">RF083_TC069_MarcarNoConforme_Subsanable_DebeCambiarEstadoASubsanable</a>
<div class="detailToggle" style="display:inline"><a href="javascript:toggleDisplay('e2e.sprint_6.RF08_3TC_069Test.RF083_TC069_MarcarNoConforme_Subsanable_DebeCambiarEstadoASubsanable');"><span style="display:inline;" id="e2e.sprint_6.RF08_3TC_069Test.RF083_TC069_MarcarNoConforme_Subsanable_DebeCambiarEstadoASubsanable-off"> + </span><span style="display:none;" id="e2e.sprint_6.RF08_3TC_069Test.RF083_TC069_MarcarNoConforme_Subsanable_DebeCambiarEstadoASubsanable-on"> - </span>[ Detail ]</a></div></td>
<td>126.4 s</td></tr>
<tr class="b">
<td align="left">-</td>
<td>target frame detached
  (failed to check if window was closed: disconnected: Unable to receive message from renderer)
  (Session info: chrome=144.0.7559.97)
Build info: version: '4.23.0', revision: '4df0a231af'
System info: os.name: 'Windows 11', os.arch: 'amd64', os.version: '10.0', java.version: '21.0.9'
Driver info: org.openqa.selenium.chrome.ChromeDriver
Command: [e2ce3b0cbcd6888bd5155f41c3f70c6d, findElement {value=//button[@type='button' and contains(@class,'btn-danger') and contains(@class,'btn-md') and normalize-space()='No Conforme'], using=xpath}]
Capabilities {acceptInsecureCerts: true, browserName: chrome, browserVersion: 144.0.7559.97, chrome: {chromedriverVersion: 144.0.7559.109 (6a8d5e49388..., userDataDir: C:\Users\kevin\AppData\Loca...}, fedcm:accounts: true, goog:chromeOptions: {debuggerAddress: localhost:64575}, goog:processID: 5260, networkConnectionEnabled: false, pageLoadStrategy: normal, platformName: windows, proxy: Proxy(), se:cdp: ws://localhost:64575/devtoo..., se:cdpVersion: 144.0.7559.97, setWindowRect: true, strictFileInteractability: false, timeouts: {implicit: 0, pageLoad: 300000, script: 30000}, unhandledPromptBehavior: dismiss and notify, webauthn:extension:credBlob: true, webauthn:extension:largeBlob: true, webauthn:extension:minPinLength: true, webauthn:extension:prf: true, webauthn:virtualAuthenticators: true}
Session ID: e2ce3b0cbcd6888bd5155f41c3f70c6d</td>
<td>-</td></tr>
<tr class="a" id="e2e.sprint_6.RF08_3TC_069Test.RF083_TC069_MarcarNoConforme_Subsanable_DebeCambiarEstadoASubsanable-error" style="display:none;">
<td align="left">-</td>
<td>
<div class="source">
<pre>org.openqa.selenium.WebDriverException: 
target frame detached
  (failed to check if window was closed: disconnected: Unable to receive message from renderer)
  (Session info: chrome=144.0.7559.97)
Build info: version: '4.23.0', revision: '4df0a231af'
System info: os.name: 'Windows 11', os.arch: 'amd64', os.version: '10.0', java.version: '21.0.9'
Driver info: org.openqa.selenium.chrome.ChromeDriver
Command: [e2ce3b0cbcd6888bd5155f41c3f70c6d, findElement {value=//button[@type='button' and contains(@class,'btn-danger') and contains(@class,'btn-md') and normalize-space()='No Conforme'], using=xpath}]
Capabilities {acceptInsecureCerts: true, browserName: chrome, browserVersion: 144.0.7559.97, chrome: {chromedriverVersion: 144.0.7559.109 (6a8d5e49388..., userDataDir: C:\Users\kevin\AppData\Loca...}, fedcm:accounts: true, goog:chromeOptions: {debuggerAddress: localhost:64575}, goog:processID: 5260, networkConnectionEnabled: false, pageLoadStrategy: normal, platformName: windows, proxy: Proxy(), se:cdp: ws://localhost:64575/devtoo..., se:cdpVersion: 144.0.7559.97, setWindowRect: true, strictFileInteractability: false, timeouts: {implicit: 0, pageLoad: 300000, script: 30000}, unhandledPromptBehavior: dismiss and notify, webauthn:extension:credBlob: true, webauthn:extension:largeBlob: true, webauthn:extension:minPinLength: true, webauthn:extension:prf: true, webauthn:virtualAuthenticators: true}
Session ID: e2ce3b0cbcd6888bd5155f41c3f70c6d
	at java.base/jdk.internal.reflect.DirectConstructorHandleAccessor.newInstance(DirectConstructorHandleAccessor.java:62)
	at java.base/java.lang.reflect.Constructor.newInstanceWithCaller(Constructor.java:502)
	at java.base/java.lang.reflect.Constructor.newInstance(Constructor.java:486)
	at org.openqa.selenium.remote.ErrorCodec.decode(ErrorCodec.java:167)
	at org.openqa.selenium.remote.codec.w3c.W3CHttpResponseCodec.decode(W3CHttpResponseCodec.java:138)
	at org.openqa.selenium.remote.codec.w3c.W3CHttpResponseCodec.decode(W3CHttpResponseCodec.java:50)
	at org.openqa.selenium.remote.HttpCommandExecutor.execute(HttpCommandExecutor.java:190)
	at org.openqa.selenium.remote.service.DriverCommandExecutor.invokeExecute(DriverCommandExecutor.java:216)
	at org.openqa.selenium.remote.service.DriverCommandExecutor.execute(DriverCommandExecutor.java:174)
	at org.openqa.selenium.remote.RemoteWebDriver.execute(RemoteWebDriver.java:527)
	at org.openqa.selenium.remote.ElementLocation$ElementFinder$2.findElement(ElementLocation.java:165)
	at org.openqa.selenium.remote.ElementLocation.findElement(ElementLocation.java:59)
	at org.openqa.selenium.remote.RemoteWebDriver.findElement(RemoteWebDriver.java:357)
	at org.openqa.selenium.remote.RemoteWebDriver.findElement(RemoteWebDriver.java:351)
	at org.openqa.selenium.support.ui.ExpectedConditions$6.apply(ExpectedConditions.java:171)
	at org.openqa.selenium.support.ui.ExpectedConditions$6.apply(ExpectedConditions.java:168)
	at org.openqa.selenium.support.ui.FluentWait.until(FluentWait.java:203)
	at e2e.sprint_6.RF08_3TC_069Test.clickRobusto(RF08_3TC_069Test.java:89)
	at e2e.sprint_6.RF08_3TC_069Test.marcarNoConforme(RF08_3TC_069Test.java:360)
	at e2e.sprint_6.RF08_3TC_069Test.RF083_TC069_MarcarNoConforme_Subsanable_DebeCambiarEstadoASubsanable(RF08_3TC_069Test.java:456)
	at java.base/java.lang.reflect.Method.invoke(Method.java:580)
	at java.base/java.util.ArrayList.forEach(ArrayList.java:1596)
	at java.base/java.util.ArrayList.forEach(ArrayList.java:1596)
</pre></div></td>
<td>-</td></tr></table></section><section><a id="e2e.sprint_6.RF08_3TC_070Test"></a>
<h3><a name="RF08_3TC_070Test"></a>RF08_3TC_070Test</h3>
<table border="0" class="bodyTable">
<tr class="a">
<td align="left"><a href="#e2e.sprint_6.RF08_3TC_070Test.RF083_TC070_MarcarNoConforme_RechazoDefinitivo_DebeCambiarEstado"><img src="images/icon_error_sml.gif" alt="" /></a></td>
<td><a id="TC_e2e.sprint_6.RF08_3TC_070Test.RF083_TC070_MarcarNoConforme_RechazoDefinitivo_DebeCambiarEstado"></a><a href="#e2e.sprint_6.RF08_3TC_070Test.RF083_TC070_MarcarNoConforme_RechazoDefinitivo_DebeCambiarEstado">RF083_TC070_MarcarNoConforme_RechazoDefinitivo_DebeCambiarEstado</a>
<div class="detailToggle" style="display:inline"><a href="javascript:toggleDisplay('e2e.sprint_6.RF08_3TC_070Test.RF083_TC070_MarcarNoConforme_RechazoDefinitivo_DebeCambiarEstado');"><span style="display:inline;" id="e2e.sprint_6.RF08_3TC_070Test.RF083_TC070_MarcarNoConforme_RechazoDefinitivo_DebeCambiarEstado-off"> + </span><span style="display:none;" id="e2e.sprint_6.RF08_3TC_070Test.RF083_TC070_MarcarNoConforme_RechazoDefinitivo_DebeCambiarEstado-on"> - </span>[ Detail ]</a></div></td>
<td>43.71 s</td></tr>
<tr class="b">
<td align="left">-</td>
<td>invalid session id: session deleted as the browser has closed the connection
from disconnected: not connected to DevTools
  (Session info: chrome=144.0.7559.97)
Build info: version: '4.23.0', revision: '4df0a231af'
System info: os.name: 'Windows 11', os.arch: 'amd64', os.version: '10.0', java.version: '21.0.9'
Driver info: org.openqa.selenium.chrome.ChromeDriver
Command: [8e723cbbc9f7ad1f9363d7a27125d099, findElement {value=//button[@type='button' and contains(@class,'btn-danger') and contains(@class,'btn-md') and normalize-space()='No Conforme'], using=xpath}]
Capabilities {acceptInsecureCerts: true, browserName: chrome, browserVersion: 144.0.7559.97, chrome: {chromedriverVersion: 144.0.7559.109 (6a8d5e49388..., userDataDir: C:\Users\kevin\AppData\Loca...}, fedcm:accounts: true, goog:chromeOptions: {debuggerAddress: localhost:58122}, goog:processID: 31956, networkConnectionEnabled: false, pageLoadStrategy: normal, platformName: windows, proxy: Proxy(), se:cdp: ws://localhost:58122/devtoo..., se:cdpVersion: 144.0.7559.97, setWindowRect: true, strictFileInteractability: false, timeouts: {implicit: 0, pageLoad: 300000, script: 30000}, unhandledPromptBehavior: dismiss and notify, webauthn:extension:credBlob: true, webauthn:extension:largeBlob: true, webauthn:extension:minPinLength: true, webauthn:extension:prf: true, webauthn:virtualAuthenticators: true}
Session ID: 8e723cbbc9f7ad1f9363d7a27125d099</td>
<td>-</td></tr>
<tr class="a" id="e2e.sprint_6.RF08_3TC_070Test.RF083_TC070_MarcarNoConforme_RechazoDefinitivo_DebeCambiarEstado-error" style="display:none;">
<td align="left">-</td>
<td>
<div class="source">
<pre>org.openqa.selenium.NoSuchSessionException: 
invalid session id: session deleted as the browser has closed the connection
from disconnected: not connected to DevTools
  (Session info: chrome=144.0.7559.97)
Build info: version: '4.23.0', revision: '4df0a231af'
System info: os.name: 'Windows 11', os.arch: 'amd64', os.version: '10.0', java.version: '21.0.9'
Driver info: org.openqa.selenium.chrome.ChromeDriver
Command: [8e723cbbc9f7ad1f9363d7a27125d099, findElement {value=//button[@type='button' and contains(@class,'btn-danger') and contains(@class,'btn-md') and normalize-space()='No Conforme'], using=xpath}]
Capabilities {acceptInsecureCerts: true, browserName: chrome, browserVersion: 144.0.7559.97, chrome: {chromedriverVersion: 144.0.7559.109 (6a8d5e49388..., userDataDir: C:\Users\kevin\AppData\Loca...}, fedcm:accounts: true, goog:chromeOptions: {debuggerAddress: localhost:58122}, goog:processID: 31956, networkConnectionEnabled: false, pageLoadStrategy: normal, platformName: windows, proxy: Proxy(), se:cdp: ws://localhost:58122/devtoo..., se:cdpVersion: 144.0.7559.97, setWindowRect: true, strictFileInteractability: false, timeouts: {implicit: 0, pageLoad: 300000, script: 30000}, unhandledPromptBehavior: dismiss and notify, webauthn:extension:credBlob: true, webauthn:extension:largeBlob: true, webauthn:extension:minPinLength: true, webauthn:extension:prf: true, webauthn:virtualAuthenticators: true}
Session ID: 8e723cbbc9f7ad1f9363d7a27125d099
	at java.base/jdk.internal.reflect.DirectConstructorHandleAccessor.newInstance(DirectConstructorHandleAccessor.java:62)
	at java.base/java.lang.reflect.Constructor.newInstanceWithCaller(Constructor.java:502)
	at java.base/java.lang.reflect.Constructor.newInstance(Constructor.java:486)
	at org.openqa.selenium.remote.ErrorCodec.decode(ErrorCodec.java:167)
	at org.openqa.selenium.remote.codec.w3c.W3CHttpResponseCodec.decode(W3CHttpResponseCodec.java:138)
	at org.openqa.selenium.remote.codec.w3c.W3CHttpResponseCodec.decode(W3CHttpResponseCodec.java:50)
	at org.openqa.selenium.remote.HttpCommandExecutor.execute(HttpCommandExecutor.java:190)
	at org.openqa.selenium.remote.service.DriverCommandExecutor.invokeExecute(DriverCommandExecutor.java:216)
	at org.openqa.selenium.remote.service.DriverCommandExecutor.execute(DriverCommandExecutor.java:174)
	at org.openqa.selenium.remote.RemoteWebDriver.execute(RemoteWebDriver.java:527)
	at org.openqa.selenium.remote.ElementLocation$ElementFinder$2.findElement(ElementLocation.java:165)
	at org.openqa.selenium.remote.ElementLocation.findElement(ElementLocation.java:59)
	at org.openqa.selenium.remote.RemoteWebDriver.findElement(RemoteWebDriver.java:357)
	at org.openqa.selenium.remote.RemoteWebDriver.findElement(RemoteWebDriver.java:351)
	at org.openqa.selenium.support.ui.ExpectedConditions$6.apply(ExpectedConditions.java:171)
	at org.openqa.selenium.support.ui.ExpectedConditions$6.apply(ExpectedConditions.java:168)
	at org.openqa.selenium.support.ui.FluentWait.until(FluentWait.java:203)
	at e2e.sprint_6.RF08_3TC_070Test.clickRobusto(RF08_3TC_070Test.java:100)
	at e2e.sprint_6.RF08_3TC_070Test.marcarNoConforme(RF08_3TC_070Test.java:337)
	at e2e.sprint_6.RF08_3TC_070Test.RF083_TC070_MarcarNoConforme_RechazoDefinitivo_DebeCambiarEstado(RF08_3TC_070Test.java:468)
	at java.base/java.lang.reflect.Method.invoke(Method.java:580)
	at java.base/java.util.ArrayList.forEach(ArrayList.java:1596)
	at java.base/java.util.ArrayList.forEach(ArrayList.java:1596)
</pre></div></td>
<td>-</td></tr></table></section><section><a id="e2e.sprint_6.RF08_4TC_102Test"></a>
<h3><a name="RF08_4TC_102Test"></a>RF08_4TC_102Test</h3>
<table border="0" class="bodyTable">
<tr class="a">
<td align="left"><a href="#e2e.sprint_6.RF08_4TC_102Test.RF084_TC102_Autorizar_DebeRegistrarEventoEnTrazabilidad"><img src="images/icon_error_sml.gif" alt="" /></a></td>
<td><a id="TC_e2e.sprint_6.RF08_4TC_102Test.RF084_TC102_Autorizar_DebeRegistrarEventoEnTrazabilidad"></a><a href="#e2e.sprint_6.RF08_4TC_102Test.RF084_TC102_Autorizar_DebeRegistrarEventoEnTrazabilidad">RF084_TC102_Autorizar_DebeRegistrarEventoEnTrazabilidad</a>
<div class="detailToggle" style="display:inline"><a href="javascript:toggleDisplay('e2e.sprint_6.RF08_4TC_102Test.RF084_TC102_Autorizar_DebeRegistrarEventoEnTrazabilidad');"><span style="display:inline;" id="e2e.sprint_6.RF08_4TC_102Test.RF084_TC102_Autorizar_DebeRegistrarEventoEnTrazabilidad-off"> + </span><span style="display:none;" id="e2e.sprint_6.RF08_4TC_102Test.RF084_TC102_Autorizar_DebeRegistrarEventoEnTrazabilidad-on"> - </span>[ Detail ]</a></div></td>
<td>38.49 s</td></tr>
<tr class="b">
<td align="left">-</td>
<td>no such window: target window already closed
from unknown error: web view not found
  (Session info: chrome=144.0.7559.97)
Build info: version: '4.23.0', revision: '4df0a231af'
System info: os.name: 'Windows 11', os.arch: 'amd64', os.version: '10.0', java.version: '21.0.9'
Driver info: org.openqa.selenium.chrome.ChromeDriver
Command: [bb9fd13d40461f503e01b1f57955714b, get {url=http://3.228.164.208/#/trazabilidad}]
Capabilities {acceptInsecureCerts: true, browserName: chrome, browserVersion: 144.0.7559.97, chrome: {chromedriverVersion: 144.0.7559.109 (6a8d5e49388..., userDataDir: C:\Users\kevin\AppData\Loca...}, fedcm:accounts: true, goog:chromeOptions: {debuggerAddress: localhost:59518}, goog:processID: 31184, networkConnectionEnabled: false, pageLoadStrategy: normal, platformName: windows, proxy: Proxy(), se:cdp: ws://localhost:59518/devtoo..., se:cdpVersion: 144.0.7559.97, setWindowRect: true, strictFileInteractability: false, timeouts: {implicit: 0, pageLoad: 300000, script: 30000}, unhandledPromptBehavior: dismiss and notify, webauthn:extension:credBlob: true, webauthn:extension:largeBlob: true, webauthn:extension:minPinLength: true, webauthn:extension:prf: true, webauthn:virtualAuthenticators: true}
Session ID: bb9fd13d40461f503e01b1f57955714b</td>
<td>-</td></tr>
<tr class="a" id="e2e.sprint_6.RF08_4TC_102Test.RF084_TC102_Autorizar_DebeRegistrarEventoEnTrazabilidad-error" style="display:none;">
<td align="left">-</td>
<td>
<div class="source">
<pre>org.openqa.selenium.NoSuchWindowException: 
no such window: target window already closed
from unknown error: web view not found
  (Session info: chrome=144.0.7559.97)
Build info: version: '4.23.0', revision: '4df0a231af'
System info: os.name: 'Windows 11', os.arch: 'amd64', os.version: '10.0', java.version: '21.0.9'
Driver info: org.openqa.selenium.chrome.ChromeDriver
Command: [bb9fd13d40461f503e01b1f57955714b, get {url=http://3.228.164.208/#/trazabilidad}]
Capabilities {acceptInsecureCerts: true, browserName: chrome, browserVersion: 144.0.7559.97, chrome: {chromedriverVersion: 144.0.7559.109 (6a8d5e49388..., userDataDir: C:\Users\kevin\AppData\Loca...}, fedcm:accounts: true, goog:chromeOptions: {debuggerAddress: localhost:59518}, goog:processID: 31184, networkConnectionEnabled: false, pageLoadStrategy: normal, platformName: windows, proxy: Proxy(), se:cdp: ws://localhost:59518/devtoo..., se:cdpVersion: 144.0.7559.97, setWindowRect: true, strictFileInteractability: false, timeouts: {implicit: 0, pageLoad: 300000, script: 30000}, unhandledPromptBehavior: dismiss and notify, webauthn:extension:credBlob: true, webauthn:extension:largeBlob: true, webauthn:extension:minPinLength: true, webauthn:extension:prf: true, webauthn:virtualAuthenticators: true}
Session ID: bb9fd13d40461f503e01b1f57955714b
	at java.base/jdk.internal.reflect.DirectConstructorHandleAccessor.newInstance(DirectConstructorHandleAccessor.java:62)
	at java.base/java.lang.reflect.Constructor.newInstanceWithCaller(Constructor.java:502)
	at java.base/java.lang.reflect.Constructor.newInstance(Constructor.java:486)
	at org.openqa.selenium.remote.ErrorCodec.decode(ErrorCodec.java:167)
	at org.openqa.selenium.remote.codec.w3c.W3CHttpResponseCodec.decode(W3CHttpResponseCodec.java:138)
	at org.openqa.selenium.remote.codec.w3c.W3CHttpResponseCodec.decode(W3CHttpResponseCodec.java:50)
	at org.openqa.selenium.remote.HttpCommandExecutor.execute(HttpCommandExecutor.java:190)
	at org.openqa.selenium.remote.service.DriverCommandExecutor.invokeExecute(DriverCommandExecutor.java:216)
	at org.openqa.selenium.remote.service.DriverCommandExecutor.execute(DriverCommandExecutor.java:174)
	at org.openqa.selenium.remote.RemoteWebDriver.execute(RemoteWebDriver.java:527)
	at org.openqa.selenium.remote.RemoteWebDriver.get(RemoteWebDriver.java:302)
	at e2e.sprint_6.RF08_4TC_102Test.irATrazabilidad(RF08_4TC_102Test.java:317)
	at e2e.sprint_6.RF08_4TC_102Test.RF084_TC102_Autorizar_DebeRegistrarEventoEnTrazabilidad(RF08_4TC_102Test.java:394)
	at java.base/java.lang.reflect.Method.invoke(Method.java:580)
	at java.base/java.util.ArrayList.forEach(ArrayList.java:1596)
	at java.base/java.util.ArrayList.forEach(ArrayList.java:1596)
</pre></div></td>
<td>-</td></tr></table></section><section><a id="e2e.sprint_6.RF08_5TC_105Test"></a>
<h3><a name="RF08_5TC_105Test"></a>RF08_5TC_105Test</h3>
<table border="0" class="bodyTable">
<tr class="a">
<td align="left"><img src="images/icon_success_sml.gif" alt="" /></td>
<td><a id="TC_e2e.sprint_6.RF08_5TC_105Test.RF085_TC105_AccesoDashboard_DesdeMenu_Principal"></a>RF085_TC105_AccesoDashboard_DesdeMenu_Principal</td>
<td>14.02 s</td></tr></table></section><section><a id="e2e.sprint_6.RF08_5TC_107Test"></a>
<h3><a name="RF08_5TC_107Test"></a>RF08_5TC_107Test</h3>
<table border="0" class="bodyTable">
<tr class="a">
<td align="left"><img src="images/icon_success_sml.gif" alt="" /></td>
<td><a id="TC_e2e.sprint_6.RF08_5TC_107Test.RF085_TC107_PanelUltimasNotificaciones_SinCambiosFuncionales"></a>RF085_TC107_PanelUltimasNotificaciones_SinCambiosFuncionales</td>
<td>21.00 s</td></tr></table></section><section><a id="e2e.sprint_6.RF08_5TC_114Test"></a>
<h3><a name="RF08_5TC_114Test"></a>RF08_5TC_114Test</h3>
<table border="0" class="bodyTable">
<tr class="a">
<td align="left"><a href="#e2e.sprint_6.RF08_5TC_114Test.RF085_TC114_Listado_SoloEstadosPermitidos"><img src="images/icon_error_sml.gif" alt="" /></a></td>
<td><a id="TC_e2e.sprint_6.RF08_5TC_114Test.RF085_TC114_Listado_SoloEstadosPermitidos"></a><a href="#e2e.sprint_6.RF08_5TC_114Test.RF085_TC114_Listado_SoloEstadosPermitidos">RF085_TC114_Listado_SoloEstadosPermitidos</a>
<div class="detailToggle" style="display:inline"><a href="javascript:toggleDisplay('e2e.sprint_6.RF08_5TC_114Test.RF085_TC114_Listado_SoloEstadosPermitidos');"><span style="display:inline;" id="e2e.sprint_6.RF08_5TC_114Test.RF085_TC114_Listado_SoloEstadosPermitidos-off"> + </span><span style="display:none;" id="e2e.sprint_6.RF08_5TC_114Test.RF085_TC114_Listado_SoloEstadosPermitidos-on"> - </span>[ Detail ]</a></div></td>
<td>15.49 s</td></tr>
<tr class="b">
<td align="left">-</td>
<td>&#x274c; TC-114 FALL&#xd3;: El 'Listado de Solicitudes' est&#xe1; vac&#xed;o (No hay solicitudes para mostrar). No se puede validar la regla de estados permitidos.</td>
<td>-</td></tr>
<tr class="a" id="e2e.sprint_6.RF08_5TC_114Test.RF085_TC114_Listado_SoloEstadosPermitidos-failure" style="display:none;">
<td align="left">-</td>
<td>
<div class="source">
<pre>java.lang.AssertionError: &#x274c; TC-114 FALL&#xd3;: El 'Listado de Solicitudes' est&#xe1; vac&#xed;o (No hay solicitudes para mostrar). No se puede validar la regla de estados permitidos.
	at e2e.sprint_6.RF08_5TC_114Test.validarEstadosListado_FALLA_SiNoHaySolicitudes(RF08_5TC_114Test.java:231)
	at e2e.sprint_6.RF08_5TC_114Test.RF085_TC114_Listado_SoloEstadosPermitidos(RF08_5TC_114Test.java:309)
	at java.base/java.lang.reflect.Method.invoke(Method.java:580)
	at java.base/java.util.ArrayList.forEach(ArrayList.java:1596)
	at java.base/java.util.ArrayList.forEach(ArrayList.java:1596)
</pre></div></td>
<td>-</td></tr></table></section><section><a id="e2e.sprint_6.RF08_5TC_117Test"></a>
<h3><a name="RF08_5TC_117Test"></a>RF08_5TC_117Test</h3>
<table border="0" class="bodyTable">
<tr class="a">
<td align="left"><a href="#e2e.sprint_6.RF08_5TC_117Test.RF085_TC117_Acceso_VerTrazabilidad_DesdeDashboard"><img src="images/icon_error_sml.gif" alt="" /></a></td>
<td><a id="TC_e2e.sprint_6.RF08_5TC_117Test.RF085_TC117_Acceso_VerTrazabilidad_DesdeDashboard"></a><a href="#e2e.sprint_6.RF08_5TC_117Test.RF085_TC117_Acceso_VerTrazabilidad_DesdeDashboard">RF085_TC117_Acceso_VerTrazabilidad_DesdeDashboard</a>
<div class="detailToggle" style="display:inline"><a href="javascript:toggleDisplay('e2e.sprint_6.RF08_5TC_117Test.RF085_TC117_Acceso_VerTrazabilidad_DesdeDashboard');"><span style="display:inline;" id="e2e.sprint_6.RF08_5TC_117Test.RF085_TC117_Acceso_VerTrazabilidad_DesdeDashboard-off"> + </span><span style="display:none;" id="e2e.sprint_6.RF08_5TC_117Test.RF085_TC117_Acceso_VerTrazabilidad_DesdeDashboard-on"> - </span>[ Detail ]</a></div></td>
<td>19.30 s</td></tr>
<tr class="b">
<td align="left">-</td>
<td>&#x274c; TC-117 FALL&#xd3;: No existe opci&#xf3;n/enlace/bot&#xf3;n para 'Ver trazabilidad' (o similar) dentro del Dashboard.</td>
<td>-</td></tr>
<tr class="a" id="e2e.sprint_6.RF08_5TC_117Test.RF085_TC117_Acceso_VerTrazabilidad_DesdeDashboard-failure" style="display:none;">
<td align="left">-</td>
<td>
<div class="source">
<pre>java.lang.AssertionError: &#x274c; TC-117 FALL&#xd3;: No existe opci&#xf3;n/enlace/bot&#xf3;n para 'Ver trazabilidad' (o similar) dentro del Dashboard.
	at e2e.sprint_6.RF08_5TC_117Test.validarQueAbraTrazabilidad(RF08_5TC_117Test.java:198)
	at e2e.sprint_6.RF08_5TC_117Test.RF085_TC117_Acceso_VerTrazabilidad_DesdeDashboard(RF08_5TC_117Test.java:256)
	at java.base/java.lang.reflect.Method.invoke(Method.java:580)
	at java.base/java.util.ArrayList.forEach(ArrayList.java:1596)
	at java.base/java.util.ArrayList.forEach(ArrayList.java:1596)
</pre></div></td>
<td>-</td></tr></table></section><br /></section><section><a id="Failure_Details"></a>
<h2><a name="Failure_Details"></a>Failure Details</h2>
<p>[<a href="#Summary">Summary</a>] [<a href="#Package_List">Package List</a>] [<a href="#Test_Cases">Test Cases</a>]</p><br />
<table border="0" class="bodyTable">
<tr class="a">
<td align="left"><img src="images/icon_error_sml.gif" alt="" /></td>
<td><a id="e2e.sprint_6.RF08_1TC_002Test.RF081_TC004_FiltrarIniciada_PrimeraFila_Editar_Documentos_Guardar_Siguiente_Enviar"></a>RF081_TC004_FiltrarIniciada_PrimeraFila_Editar_Documentos_Guardar_Siguiente_Enviar</td></tr>
<tr class="b">
<td align="left">-</td>
<td>org.openqa.selenium.NoSuchElementException: No se pudo seleccionar Estado = Iniciada en el filtro.
For documentation on this error, please visit: https://www.selenium.dev/documentation/webdriver/troubleshooting/errors#no-such-element-exception
Build info: version: '4.23.0', revision: '4df0a231af'
System info: os.name: 'Windows 11', os.arch: 'amd64', os.version: '10.0', java.version: '21.0.9'
Driver info: driver.version: unknown</td></tr>
<tr class="a">
<td align="left">-</td>
<td>
<div id="RF081_TC004_FiltrarIniciada_PrimeraFila_Editar_Documentos_Guardar_Siguiente_Enviar-error">e2e.sprint_6.RF08_1TC_002Test:316</div></td></tr>
<tr class="b">
<td align="left"><img src="images/icon_error_sml.gif" alt="" /></td>
<td><a id="e2e.sprint_6.RF08_1TC_021Test.RF081_TC021_Validar_Limite_Maximo_5MB_Al_Cargar_Documento"></a>RF081_TC021_Validar_Limite_Maximo_5MB_Al_Cargar_Documento</td></tr>
<tr class="a">
<td align="left">-</td>
<td>org.openqa.selenium.NoSuchElementException: No se pudo seleccionar Estado = Iniciada en el filtro.
For documentation on this error, please visit: https://www.selenium.dev/documentation/webdriver/troubleshooting/errors#no-such-element-exception
Build info: version: '4.23.0', revision: '4df0a231af'
System info: os.name: 'Windows 11', os.arch: 'amd64', os.version: '10.0', java.version: '21.0.9'
Driver info: driver.version: unknown</td></tr>
<tr class="b">
<td align="left">-</td>
<td>
<div id="RF081_TC021_Validar_Limite_Maximo_5MB_Al_Cargar_Documento-error">e2e.sprint_6.RF08_1TC_021Test:290</div></td></tr>
<tr class="a">
<td align="left"><img src="images/icon_error_sml.gif" alt="" /></td>
<td><a id="e2e.sprint_6.RF08_3TC_069Test.RF083_TC069_MarcarNoConforme_Subsanable_DebeCambiarEstadoASubsanable"></a>RF083_TC069_MarcarNoConforme_Subsanable_DebeCambiarEstadoASubsanable</td></tr>
<tr class="b">
<td align="left">-</td>
<td>org.openqa.selenium.WebDriverException: target frame detached
  (failed to check if window was closed: disconnected: Unable to receive message from renderer)
  (Session info: chrome=144.0.7559.97)
Build info: version: '4.23.0', revision: '4df0a231af'
System info: os.name: 'Windows 11', os.arch: 'amd64', os.version: '10.0', java.version: '21.0.9'
Driver info: org.openqa.selenium.chrome.ChromeDriver
Command: [e2ce3b0cbcd6888bd5155f41c3f70c6d, findElement {value=//button[@type='button' and contains(@class,'btn-danger') and contains(@class,'btn-md') and normalize-space()='No Conforme'], using=xpath}]
Capabilities {acceptInsecureCerts: true, browserName: chrome, browserVersion: 144.0.7559.97, chrome: {chromedriverVersion: 144.0.7559.109 (6a8d5e49388..., userDataDir: C:\Users\kevin\AppData\Loca...}, fedcm:accounts: true, goog:chromeOptions: {debuggerAddress: localhost:64575}, goog:processID: 5260, networkConnectionEnabled: false, pageLoadStrategy: normal, platformName: windows, proxy: Proxy(), se:cdp: ws://localhost:64575/devtoo..., se:cdpVersion: 144.0.7559.97, setWindowRect: true, strictFileInteractability: false, timeouts: {implicit: 0, pageLoad: 300000, script: 30000}, unhandledPromptBehavior: dismiss and notify, webauthn:extension:credBlob: true, webauthn:extension:largeBlob: true, webauthn:extension:minPinLength: true, webauthn:extension:prf: true, webauthn:virtualAuthenticators: true}
Session ID: e2ce3b0cbcd6888bd5155f41c3f70c6d</td></tr>
<tr class="a">
<td align="left">-</td>
<td>
<div id="RF083_TC069_MarcarNoConforme_Subsanable_DebeCambiarEstadoASubsanable-error">e2e.sprint_6.RF08_3TC_069Test:456</div></td></tr>
<tr class="b">
<td align="left"><img src="images/icon_error_sml.gif" alt="" /></td>
<td><a id="e2e.sprint_6.RF08_3TC_070Test.RF083_TC070_MarcarNoConforme_RechazoDefinitivo_DebeCambiarEstado"></a>RF083_TC070_MarcarNoConforme_RechazoDefinitivo_DebeCambiarEstado</td></tr>
<tr class="a">
<td align="left">-</td>
<td>org.openqa.selenium.NoSuchSessionException: invalid session id: session deleted as the browser has closed the connection
from disconnected: not connected to DevTools
  (Session info: chrome=144.0.7559.97)
Build info: version: '4.23.0', revision: '4df0a231af'
System info: os.name: 'Windows 11', os.arch: 'amd64', os.version: '10.0', java.version: '21.0.9'
Driver info: org.openqa.selenium.chrome.ChromeDriver
Command: [8e723cbbc9f7ad1f9363d7a27125d099, findElement {value=//button[@type='button' and contains(@class,'btn-danger') and contains(@class,'btn-md') and normalize-space()='No Conforme'], using=xpath}]
Capabilities {acceptInsecureCerts: true, browserName: chrome, browserVersion: 144.0.7559.97, chrome: {chromedriverVersion: 144.0.7559.109 (6a8d5e49388..., userDataDir: C:\Users\kevin\AppData\Loca...}, fedcm:accounts: true, goog:chromeOptions: {debuggerAddress: localhost:58122}, goog:processID: 31956, networkConnectionEnabled: false, pageLoadStrategy: normal, platformName: windows, proxy: Proxy(), se:cdp: ws://localhost:58122/devtoo..., se:cdpVersion: 144.0.7559.97, setWindowRect: true, strictFileInteractability: false, timeouts: {implicit: 0, pageLoad: 300000, script: 30000}, unhandledPromptBehavior: dismiss and notify, webauthn:extension:credBlob: true, webauthn:extension:largeBlob: true, webauthn:extension:minPinLength: true, webauthn:extension:prf: true, webauthn:virtualAuthenticators: true}
Session ID: 8e723cbbc9f7ad1f9363d7a27125d099</td></tr>
<tr class="b">
<td align="left">-</td>
<td>
<div id="RF083_TC070_MarcarNoConforme_RechazoDefinitivo_DebeCambiarEstado-error">e2e.sprint_6.RF08_3TC_070Test:468</div></td></tr>
<tr class="a">
<td align="left"><img src="images/icon_error_sml.gif" alt="" /></td>
<td><a id="e2e.sprint_6.RF08_4TC_102Test.RF084_TC102_Autorizar_DebeRegistrarEventoEnTrazabilidad"></a>RF084_TC102_Autorizar_DebeRegistrarEventoEnTrazabilidad</td></tr>
<tr class="b">
<td align="left">-</td>
<td>org.openqa.selenium.NoSuchWindowException: no such window: target window already closed
from unknown error: web view not found
  (Session info: chrome=144.0.7559.97)
Build info: version: '4.23.0', revision: '4df0a231af'
System info: os.name: 'Windows 11', os.arch: 'amd64', os.version: '10.0', java.version: '21.0.9'
Driver info: org.openqa.selenium.chrome.ChromeDriver
Command: [bb9fd13d40461f503e01b1f57955714b, get {url=http://3.228.164.208/#/trazabilidad}]
Capabilities {acceptInsecureCerts: true, browserName: chrome, browserVersion: 144.0.7559.97, chrome: {chromedriverVersion: 144.0.7559.109 (6a8d5e49388..., userDataDir: C:\Users\kevin\AppData\Loca...}, fedcm:accounts: true, goog:chromeOptions: {debuggerAddress: localhost:59518}, goog:processID: 31184, networkConnectionEnabled: false, pageLoadStrategy: normal, platformName: windows, proxy: Proxy(), se:cdp: ws://localhost:59518/devtoo..., se:cdpVersion: 144.0.7559.97, setWindowRect: true, strictFileInteractability: false, timeouts: {implicit: 0, pageLoad: 300000, script: 30000}, unhandledPromptBehavior: dismiss and notify, webauthn:extension:credBlob: true, webauthn:extension:largeBlob: true, webauthn:extension:minPinLength: true, webauthn:extension:prf: true, webauthn:virtualAuthenticators: true}
Session ID: bb9fd13d40461f503e01b1f57955714b</td></tr>
<tr class="a">
<td align="left">-</td>
<td>
<div id="RF084_TC102_Autorizar_DebeRegistrarEventoEnTrazabilidad-error">e2e.sprint_6.RF08_4TC_102Test:394</div></td></tr>
<tr class="b">
<td align="left"><img src="images/icon_error_sml.gif" alt="" /></td>
<td><a id="e2e.sprint_6.RF08_5TC_114Test.RF085_TC114_Listado_SoloEstadosPermitidos"></a>RF085_TC114_Listado_SoloEstadosPermitidos</td></tr>
<tr class="a">
<td align="left">-</td>
<td>java.lang.AssertionError: &#x274c; TC-114 FALL&#xd3;: El 'Listado de Solicitudes' est&#xe1; vac&#xed;o (No hay solicitudes para mostrar). No se puede validar la regla de estados permitidos.</td></tr>
<tr class="b">
<td align="left">-</td>
<td>
<div id="RF085_TC114_Listado_SoloEstadosPermitidos-failure">e2e.sprint_6.RF08_5TC_114Test:309</div></td></tr>
<tr class="a">
<td align="left"><img src="images/icon_error_sml.gif" alt="" /></td>
<td><a id="e2e.sprint_6.RF08_5TC_117Test.RF085_TC117_Acceso_VerTrazabilidad_DesdeDashboard"></a>RF085_TC117_Acceso_VerTrazabilidad_DesdeDashboard</td></tr>
<tr class="b">
<td align="left">-</td>
<td>java.lang.AssertionError: &#x274c; TC-117 FALL&#xd3;: No existe opci&#xf3;n/enlace/bot&#xf3;n para 'Ver trazabilidad' (o similar) dentro del Dashboard.</td></tr>
<tr class="a">
<td align="left">-</td>
<td>
<div id="RF085_TC117_Acceso_VerTrazabilidad_DesdeDashboard-failure">e2e.sprint_6.RF08_5TC_117Test:256</div></td></tr></table><br /></section>
      </div>
    </div>
    <div class="clear">
      <hr/>
    </div>
    <div id="footer">
      <div class="xright">
        Copyright &#169;      2026..      </div>
      <div class="clear">
        <hr/>
      </div>
    </div>
  </body>
</html>
